Change Component Footprint: Designator=R1 Old Footprint=Weerstand 1M ohm New Footprint=Weerstand 10k ohm
Change Component Footprint: Designator=R2  Old Footprint=Weerstand 1M ohm New Footprint=Weerstand 10k ohm
Change Component Designator: OldDesignator=IC1  NewDesignator=IC1
Change Component Designator: OldDesignator=R2  NewDesignator=R2
Change Net Name : Old Net Name=NetIC1 (Display)_2 New Net Name=NetIC1_2
Change Net Name : Old Net Name=NetIC1 (Display)_3 New Net Name=NetIC1_3
Change Net Name : Old Net Name=NetIC1 (Display)_4 New Net Name=NetIC1_4
Change Net Name : Old Net Name=NetIC1 (Display)_5 New Net Name=NetIC1_5
Change Net Name : Old Net Name=NetIC1 (Display)_6 New Net Name=NetIC1_6
Change Net Name : Old Net Name=NetIC1 (Display)_7 New Net Name=NetIC1_7
Change Net Name : Old Net Name=NetIC1 (Display)_8 New Net Name=NetIC1_8
Change Net Name : Old Net Name=NetIC1 (Display)_9 New Net Name=NetIC1_9
Change Net Name : Old Net Name=NetIC1 (Display)_12 New Net Name=NetIC1_12
Change Net Name : Old Net Name=NetIC1 (Display)_13 New Net Name=NetIC1_13
Change Net Name : Old Net Name=NetIC1 (Display)_14 New Net Name=NetIC1_14
Change Net Name : Old Net Name=NetIC1 (Display)_15 New Net Name=NetIC1_15
Change Net Name : Old Net Name=NetIC1 (Display)_17 New Net Name=NetIC1_17
Change Net Name : Old Net Name=NetIC1 (Display)_18 New Net Name=NetIC1_18
Added Member To Class: ClassName=Display Member=Component IC1 TM1637
Added Member To Class: ClassName=Display Member=Component R2 10K
